<?xml version="1.0" encoding="UTF-8"?>
<!-- Generated by org.testng.reporters.JUnitXMLReporter -->
<testsuite ignored="2" hostname="DESKTOP-KJ2AQ4I" failures="0" tests="1" name="Default test" time="54.666" errors="0" timestamp="2022-12-07T19:14:55 IST">
  <testcase classname="webapp.HYbrid" name="scroll" time="29.129"/>
  <testcase classname="webapp.HYbrid" name="negative" time="0.0">
    <ignored/>
  </testcase> <!-- negative -->
  <testcase classname="webapp.HYbrid" name="positive" time="0.0">
    <ignored/>
  </testcase> <!-- positive -->
</testsuite> <!-- Default test -->
