<?xml version="1.0" encoding="UTF-8"?>
<testng-results ignored="2" total="3" passed="1" failed="0" skipped="0">
  <reporter-output>
  </reporter-output>
  <suite started-at="2022-12-07T19:14:00 IST" name="Default suite" finished-at="2022-12-07T19:14:55 IST" duration-ms="54666">
    <groups>
    </groups>
    <test started-at="2022-12-07T19:14:00 IST" name="Default test" finished-at="2022-12-07T19:14:55 IST" duration-ms="54666">
      <class name="webapp.HYbrid">
        <test-method is-config="true" signature="befortest()[pri:0, instance:webapp.HYbrid@506ae4d4]" started-at="2022-12-07T19:14:00 IST" name="befortest" finished-at="2022-12-07T19:14:26 IST" duration-ms="25431" status="PASS">
          <reporter-output>
          </reporter-output>
        </test-method> <!-- befortest -->
        <test-method signature="scroll()[pri:0, instance:webapp.HYbrid@506ae4d4]" started-at="2022-12-07T19:14:26 IST" name="scroll" finished-at="2022-12-07T19:14:55 IST" duration-ms="29129" status="PASS">
          <reporter-output>
          </reporter-output>
        </test-method> <!-- scroll -->
      </class> <!-- webapp.HYbrid -->
    </test> <!-- Default test -->
  </suite> <!-- Default suite -->
</testng-results>
